This is XeTeX, Version 3.141592653-2.6-0.999993 (TeX Live 2021) (preloaded format=xelatex 2023.3.7)  7 NOV 2023 07:35
entering extended mode
 restricted \write18 enabled.
 %&-line parsing enabled.
**automate.tex
(./automate.tex
LaTeX2e <2020-10-01> patch level 4
L3 programming layer <2021-05-07>
! Undefined control sequence.
l.1 \section
            {Partie commande d'une GTB}
? 
! Emergency stop.
l.1 \section
            {Partie commande d'une GTB}
End of file on the terminal!

 
Here is how much of TeX's memory you used:
 16 strings out of 476788
 309 string characters out of 5822421
 296404 words of memory out of 6000000
 20264 multiletter control sequences out of 15000+600000
 403430 words of font info for 27 fonts, out of 8000000 for 9000
 1348 hyphenation exceptions out of 8191
 11i,0n,13p,79b,10s stack positions out of 5000i,500n,10000p,200000b,80000s
No pages of output.
