INFO:  latexindent version 3.9.2, 2021-04-06, a script to indent .tex files
       latexindent lives here: /usr/share/texlive/texmf-dist/scripts/latexindent/
       Sun Nov 19 16:10:49 2023
       Filename: /home/gvaquette/texmf/tex/latex/UPSTI/__latexindent_temp_UPSTI_Document.cls
INFO:  Processing switches:
       -y|--yaml: YAML settings specified via command line
       -c|--cruft: cruft directory
INFO:  Directory for backup files and /home/gvaquette/Documents/professionnel/enseignement/pedagogie/supports/[01]iutAcy/[03]S3/[06]RLI/[02]DMX/TP02//indent.log: /home/gvaquette/Documents/professionnel/enseignement/pedagogie/supports/[01]iutAcy/[03]S3/[06]RLI/[02]DMX/TP02/
INFO:  YAML settings read: defaultSettings.yaml
        Reading defaultSettings.yaml from /usr/share/texlive/texmf-dist/scripts/latexindent/defaultSettings.yaml
INFO:  YAML settings read: indentconfig.yaml or .indentconfig.yaml
       Home directory is /home/gvaquette (didn't find either indentconfig.yaml or .indentconfig.yaml)
       To specify user settings you would put indentconfig.yaml here: /home/gvaquette/indentconfig.yaml
       Alternatively, you can use the hidden file .indentconfig.yaml as: /home/gvaquette/.indentconfig.yaml
INFO:  YAML settings read: -y switch
       YAML setting: defaultIndent:'\t'
       Updating masterSettings with defaultIndent: 	
INFO:  Phase 1: searching for objects
INFO:  Phase 2: finding surrounding indentation
INFO:  Phase 3: indenting objects
INFO:  Phase 4: final indentation check
INFO:  Output routine:
       Not outputting to file; see -w and -o switches for more options.
       --------------
INFO:  Please direct all communication/issues to:
        https://github.com/cmhughes/latexindent.pl
